<?xml version="1.0" encoding="UTF-8"?>
<!-- Generated by org.testng.reporters.JUnitReportReporter -->
<testsuite hostname="welcome-PC" name="com.selenium.framework.datadriven.PortFolio.Test5" tests="3" failures="0" timestamp="13 Mar 2016 11:55:35 GMT" time="0.654" errors="0">
  <testcase name="test5" time="0.273" classname="com.selenium.framework.datadriven.PortFolio.Test5"/>
  <testcase name="test5" time="0.273" classname="com.selenium.framework.datadriven.PortFolio.Test5"/>
  <testcase name="test5" time="0.108" classname="com.selenium.framework.datadriven.PortFolio.Test5"/>
</testsuite> <!-- com.selenium.framework.datadriven.PortFolio.Test5 -->
