<?xml version="1.0" encoding="UTF-8"?>
<!-- Generated by org.testng.reporters.JUnitReportReporter -->
<testsuite hostname="welcome-PC" name="com.selenium.framework.datadriven.PortFolio.Test2" tests="1" failures="0" timestamp="2 Mar 2016 11:01:06 GMT" time="0.000" errors="0">
  <testcase name="test2" time="0.000" classname="com.selenium.framework.datadriven.PortFolio.Test2"/>
</testsuite> <!-- com.selenium.framework.datadriven.PortFolio.Test2 -->
